<!DOCTYPE html PUBLIC "-//W3C//DTD XHTML 1.1//EN" "https://www.w3.org/TR/xhtml11/DTD/xhtml11.dtd">
<html xmlns="https://www.w3.org/1999/xhtml">
<head>
<meta http-equiv="content-type" content="text/html; charset=UTF-8"/>
<title>TestNG Report</title>
<style type="text/css">table {margin-bottom:10px;border-collapse:collapse;empty-cells:show}th,td {border:1px solid #009;padding:.25em .5em}th {vertical-align:bottom}td {vertical-align:top}table a {font-weight:bold}.stripe td {background-color: #E6EBF9}.num {text-align:right}.passedodd td {background-color: #3F3}.passedeven td {background-color: #0A0}.skippedodd td {background-color: #DDD}.skippedeven td {background-color: #CCC}.failedodd td,.attn {background-color: #F33}.failedeven td,.stripe .attn {background-color: #D00}.stacktrace {white-space:pre;font-family:monospace}.totop {font-size:85%;text-align:center;border-bottom:2px solid #000}.invisible {display:none}</style>
</head>
<body>
<table>
<tr><th>Test</th><th># Passed</th><th># Skipped</th><th># Retried</th><th># Failed</th><th>Time (ms)</th><th>Included Groups</th><th>Excluded Groups</th></tr>
<tr><th colspan="8">Cogmento Test Automation</th></tr>
<tr><td><a href="#t0">Cogmento Test Cases Execution</a></td><td class="num">11</td><td class="num">0</td><td class="num">0</td><td class="num attn">2</td><td class="num">57,540</td><td></td><td></td></tr>
</table>
<table id='summary'><thead><tr><th>Class</th><th>Method</th><th>Start</th><th>Time (ms)</th></tr></thead><tbody><tr><th colspan="4">Cogmento Test Automation</th></tr></tbody><tbody id="t0"><tr><th colspan="4">Cogmento Test Cases Execution &#8212; failed (configuration methods)</th></tr><tr class="failedeven"><td rowspan="1">com.cogmento.qa.testcases.ContactsPageTest</td><td><a href="#m0">teardown</a></td><td rowspan="1">1688672970871</td><td rowspan="1">-1688672970871</td></tr><tr><th colspan="4">Cogmento Test Cases Execution &#8212; failed</th></tr><tr class="failedeven"><td rowspan="2">com.cogmento.qa.testcases.ContactsPageTest</td><td><a href="#m1">validateFirstNameField</a></td><td rowspan="1">1688672963996</td><td rowspan="1">830</td></tr><tr class="failedeven"><td><a href="#m2">validateLastNameField</a></td><td rowspan="1">1688672964831</td><td rowspan="1">6036</td></tr><tr><th colspan="4">Cogmento Test Cases Execution &#8212; passed</th></tr><tr class="passedeven"><td rowspan="2">com.cogmento.qa.testcases.ContactsPageTest</td><td><a href="#m3">validateCreateContactsButton</a></td><td rowspan="1">1688672959203</td><td rowspan="1">3210</td></tr><tr class="passedeven"><td><a href="#m4">validateCreateNewContract</a></td><td rowspan="1">1688672962415</td><td rowspan="1">1579</td></tr><tr class="passedodd"><td rowspan="3">com.cogmento.qa.testcases.ForgotPasswordTest</td><td><a href="#m5">validateEntermail</a></td><td rowspan="1">1688672937396</td><td rowspan="1">134</td></tr><tr class="passedodd"><td><a href="#m6">validatePassword</a></td><td rowspan="1">1688672935340</td><td rowspan="1">2054</td></tr><tr class="passedodd"><td><a href="#m7">validateRestButton</a></td><td rowspan="1">1688672937533</td><td rowspan="1">1791</td></tr><tr class="passedeven"><td rowspan="4">com.cogmento.qa.testcases.HomePageTest</td><td><a href="#m8">verifyCompaniesPage</a></td><td rowspan="1">1688672948064</td><td rowspan="1">115</td></tr><tr class="passedeven"><td><a href="#m9">verifyContactsPage</a></td><td rowspan="1">1688672947908</td><td rowspan="1">154</td></tr><tr class="passedeven"><td><a href="#m10">verifyHomePageTitle</a></td><td rowspan="1">1688672945607</td><td rowspan="1">13</td></tr><tr class="passedeven"><td><a href="#m11">verifyUserName</a></td><td rowspan="1">1688672945621</td><td rowspan="1">2279</td></tr><tr class="passedodd"><td rowspan="2">com.cogmento.qa.testcases.LoginPageTest</td><td><a href="#m12">loginPageTitleTest</a></td><td rowspan="1">1688672926014</td><td rowspan="1">207</td></tr><tr class="passedodd"><td><a href="#m13">loginTest</a></td><td rowspan="1">1688672926229</td><td rowspan="1">3702</td></tr></tbody>
</table>
<h2>Cogmento Test Cases Execution</h2><h3 id="m0">com.cogmento.qa.testcases.ContactsPageTest#teardown</h3><table class="result"><tr><th>Exception</th></tr><tr><td><div class="stacktrace">org.testng.TestNGException: 
Can inject only one of &lt;ITestContext, XmlTest&gt; into a @AfterClass annotated teardown.
For more information on native dependency injection please refer to https://testng.org/doc/documentation-main.html#native-dependency-injection
	at java.base/java.util.ArrayList.forEach(ArrayList.java:1511)
... Removed 23 stack frames</div></td></tr></table><p class="totop"><a href="#summary">back to summary</a></p>
<h3 id="m1">com.cogmento.qa.testcases.ContactsPageTest#validateFirstNameField</h3><table class="result"><tr><th>Exception</th></tr><tr><td><div class="stacktrace">org.openqa.selenium.StaleElementReferenceException: stale element reference: stale element not found
  (Session info: chrome=114.0.5735.199)
For documentation on this error, please visit: https://www.selenium.dev/documentation/webdriver/troubleshooting/errors#stale-element-reference-exception
Build info: version: &apos;4.10.0&apos;, revision: &apos;c14d967899&apos;
System info: os.name: &apos;Windows 10&apos;, os.arch: &apos;amd64&apos;, os.version: &apos;10.0&apos;, java.version: &apos;17.0.7&apos;
Driver info: org.openqa.selenium.chrome.ChromeDriver
Command: [d31438b3b1bf27589375a75608105af3, clickElement {id=2191C1C7F3A57F0AAA687593BB713BA1_element_38}]
Capabilities {acceptInsecureCerts: false, browserName: chrome, browserVersion: 114.0.5735.199, chrome: {chromedriverVersion: 114.0.5735.90 (386bc09e8f4f..., userDataDir: C:\Users\tanmoy\AppData\Loc...}, goog:chromeOptions: {debuggerAddress: localhost:53576}, networkConnectionEnabled: false, pageLoadStrategy: normal, platformName: windows, proxy: Proxy(), se:cdp: ws://localhost:53576/devtoo..., se:cdpVersion: 114.0.5735.199, setWindowRect: true, strictFileInteractability: false, timeouts: {implicit: 0, pageLoad: 300000, script: 30000}, unhandledPromptBehavior: dismiss and notify, webauthn:extension:credBlob: true, webauthn:extension:largeBlob: true, webauthn:extension:minPinLength: true, webauthn:extension:prf: true, webauthn:virtualAuthenticators: true}
Element: [[ChromeDriver: chrome on windows (d31438b3b1bf27589375a75608105af3)] -&gt; xpath: //i[@class=&apos;save icon&apos;]]
Session ID: d31438b3b1bf27589375a75608105af3
	at org.openqa.selenium.remote.codec.w3c.W3CHttpResponseCodec.createException(W3CHttpResponseCodec.java:199)
	at org.openqa.selenium.remote.codec.w3c.W3CHttpResponseCodec.decode(W3CHttpResponseCodec.java:132)
	at org.openqa.selenium.remote.codec.w3c.W3CHttpResponseCodec.decode(W3CHttpResponseCodec.java:51)
	at org.openqa.selenium.remote.HttpCommandExecutor.execute(HttpCommandExecutor.java:191)
	at org.openqa.selenium.remote.service.DriverCommandExecutor.invokeExecute(DriverCommandExecutor.java:196)
	at org.openqa.selenium.remote.service.DriverCommandExecutor.execute(DriverCommandExecutor.java:171)
	at org.openqa.selenium.remote.RemoteWebDriver.execute(RemoteWebDriver.java:531)
	at org.openqa.selenium.remote.RemoteWebElement.execute(RemoteWebElement.java:242)
	at org.openqa.selenium.remote.RemoteWebElement.click(RemoteWebElement.java:77)
	at org.openqa.selenium.support.pagefactory.internal.LocatingElementHandler.invoke(LocatingElementHandler.java:51)
	at jdk.proxy2/jdk.proxy2.$Proxy16.click(Unknown Source)
	at org.cogmento.qa.pages.ContactsPage.validateFirstNameField(ContactsPage.java:59)
	at com.cogmento.qa.testcases.ContactsPageTest.validateFirstNameField(ContactsPageTest.java:54)
	at java.base/java.util.ArrayList.forEach(ArrayList.java:1511)
... Removed 36 stack frames</div></td></tr></table><p class="totop"><a href="#summary">back to summary</a></p>
<h3 id="m2">com.cogmento.qa.testcases.ContactsPageTest#validateLastNameField</h3><table class="result"><tr><th>Exception</th></tr><tr><td><div class="stacktrace">org.openqa.selenium.NoSuchElementException: Unable to find element with locator By.xpath: //i[@class=&apos;save icon&apos;]
For documentation on this error, please visit: https://www.selenium.dev/documentation/webdriver/troubleshooting/errors#no-such-element-exception
Build info: version: &apos;4.10.0&apos;, revision: &apos;c14d967899&apos;
System info: os.name: &apos;Windows 10&apos;, os.arch: &apos;amd64&apos;, os.version: &apos;10.0&apos;, java.version: &apos;17.0.7&apos;
Driver info: driver.version: RemoteWebDriver
	at org.openqa.selenium.remote.ElementLocation$ElementFinder$2.findElement(ElementLocation.java:168)
	at org.openqa.selenium.remote.ElementLocation.findElement(ElementLocation.java:59)
	at org.openqa.selenium.remote.RemoteWebDriver.findElement(RemoteWebDriver.java:350)
	at org.openqa.selenium.remote.RemoteWebDriver.findElement(RemoteWebDriver.java:344)
	at org.openqa.selenium.support.pagefactory.DefaultElementLocator.findElement(DefaultElementLocator.java:68)
	at org.openqa.selenium.support.pagefactory.internal.LocatingElementHandler.invoke(LocatingElementHandler.java:38)
	at jdk.proxy2/jdk.proxy2.$Proxy16.click(Unknown Source)
	at org.cogmento.qa.pages.ContactsPage.validateLastNameField(ContactsPage.java:65)
	at com.cogmento.qa.testcases.ContactsPageTest.validateLastNameField(ContactsPageTest.java:62)
	at java.base/java.util.ArrayList.forEach(ArrayList.java:1511)
... Removed 27 stack frames</div></td></tr></table><p class="totop"><a href="#summary">back to summary</a></p>
<h3 id="m3">com.cogmento.qa.testcases.ContactsPageTest#validateCreateContactsButton</h3><table class="result"><tr><th class="invisible"/></tr></table><p class="totop"><a href="#summary">back to summary</a></p>
<h3 id="m4">com.cogmento.qa.testcases.ContactsPageTest#validateCreateNewContract</h3><table class="result"><tr><th class="invisible"/></tr></table><p class="totop"><a href="#summary">back to summary</a></p>
<h3 id="m5">com.cogmento.qa.testcases.ForgotPasswordTest#validateEntermail</h3><table class="result"><tr><th class="invisible"/></tr></table><p class="totop"><a href="#summary">back to summary</a></p>
<h3 id="m6">com.cogmento.qa.testcases.ForgotPasswordTest#validatePassword</h3><table class="result"><tr><th class="invisible"/></tr></table><p class="totop"><a href="#summary">back to summary</a></p>
<h3 id="m7">com.cogmento.qa.testcases.ForgotPasswordTest#validateRestButton</h3><table class="result"><tr><th class="invisible"/></tr></table><p class="totop"><a href="#summary">back to summary</a></p>
<h3 id="m8">com.cogmento.qa.testcases.HomePageTest#verifyCompaniesPage</h3><table class="result"><tr><th class="invisible"/></tr></table><p class="totop"><a href="#summary">back to summary</a></p>
<h3 id="m9">com.cogmento.qa.testcases.HomePageTest#verifyContactsPage</h3><table class="result"><tr><th class="invisible"/></tr></table><p class="totop"><a href="#summary">back to summary</a></p>
<h3 id="m10">com.cogmento.qa.testcases.HomePageTest#verifyHomePageTitle</h3><table class="result"><tr><th class="invisible"/></tr></table><p class="totop"><a href="#summary">back to summary</a></p>
<h3 id="m11">com.cogmento.qa.testcases.HomePageTest#verifyUserName</h3><table class="result"><tr><th class="invisible"/></tr></table><p class="totop"><a href="#summary">back to summary</a></p>
<h3 id="m12">com.cogmento.qa.testcases.LoginPageTest#loginPageTitleTest</h3><table class="result"><tr><th class="invisible"/></tr></table><p class="totop"><a href="#summary">back to summary</a></p>
<h3 id="m13">com.cogmento.qa.testcases.LoginPageTest#loginTest</h3><table class="result"><tr><th class="invisible"/></tr></table><p class="totop"><a href="#summary">back to summary</a></p>
</body>
</html>
